  Application.cpp
C:\DEV\Hazel\Hazel\src\Hazel\Log.h(20,42): warning C4251: “Hazel::Log::s_CoreLogger”: class“std::shared_ptr<spdlog::logger>”需要有 dll 接口由 class“Hazel::Log”的客户端使用 
  (编译源文件“src/Hazel/Application.cpp”)
      C:\DEV\Hazel\Hazel\vendor\spdlog\include\spdlog\details\registry.h(33,31):
      参见“std::shared_ptr<spdlog::logger>”的声明
  
C:\DEV\Hazel\Hazel\src\Hazel\Log.h(21,42): warning C4251: “Hazel::Log::s_ClientLogger”: class“std::shared_ptr<spdlog::logger>”需要有 dll 接口由 class“Hazel::Log”的客户端使用 
  (编译源文件“src/Hazel/Application.cpp”)
      C:\DEV\Hazel\Hazel\vendor\spdlog\include\spdlog\details\registry.h(33,31):
      参见“std::shared_ptr<spdlog::logger>”的声明
  
  Log.cpp
C:\DEV\Hazel\Hazel\src\Hazel\Log.h(20,42): warning C4251: “Hazel::Log::s_CoreLogger”: class“std::shared_ptr<spdlog::logger>”需要有 dll 接口由 class“Hazel::Log”的客户端使用 
  (编译源文件“src/Hazel/Log.cpp”)
      C:\DEV\Hazel\Hazel\vendor\spdlog\include\spdlog\details\registry.h(33,31):
      参见“std::shared_ptr<spdlog::logger>”的声明
  
C:\DEV\Hazel\Hazel\src\Hazel\Log.h(21,42): warning C4251: “Hazel::Log::s_ClientLogger”: class“std::shared_ptr<spdlog::logger>”需要有 dll 接口由 class“Hazel::Log”的客户端使用 
  (编译源文件“src/Hazel/Log.cpp”)
      C:\DEV\Hazel\Hazel\vendor\spdlog\include\spdlog\details\registry.h(33,31):
      参见“std::shared_ptr<spdlog::logger>”的声明
  
  正在生成代码...
    正在创建库 ..\bin\Debug-windows-x86_64\Hazel\Hazel.lib 和对象 ..\bin\Debug-windows-x86_64\Hazel\Hazel.exp
  Hazel.vcxproj -> C:\DEV\Hazel\bin\Debug-windows-x86_64\Hazel\Hazel.dll
